<?xml version="1.0" encoding="UTF-8"?>
<coverage generated="1527816829399" clover="3.2.0">
  <project timestamp="1527816829399" name="All files">
    <metrics statements="35" coveredstatements="1" conditionals="2" coveredconditionals="0" methods="23" coveredmethods="1" elements="60" coveredelements="2" complexity="0" loc="35" ncloc="35" packages="2" files="6" classes="6">
      <package name="src">
        <metrics statements="12" coveredstatements="0" conditionals="2" coveredconditionals="0" methods="4" coveredmethods="0"/>
        <file name="App.vue" path="C:\Users\sesa501967\software\erp\app\src\App.vue">
          <metrics statements="12" coveredstatements="0" conditionals="2" coveredconditionals="0" methods="4" coveredmethods="0"/>
          <line num="64" count="0" type="stmt"/>
          <line num="65" count="0" type="stmt"/>
          <line num="69" count="0" type="stmt"/>
          <line num="90" count="0" type="stmt"/>
          <line num="95" count="0" type="stmt"/>
          <line num="96" count="0" type="stmt"/>
          <line num="97" count="0" type="stmt"/>
          <line num="98" count="0" type="stmt"/>
          <line num="99" count="0" type="cond" truecount="0" falsecount="2"/>
          <line num="100" count="0" type="stmt"/>
          <line num="103" count="0" type="stmt"/>
          <line num="104" count="0" type="stmt"/>
        </file>
      </package>
      <package name="src.components">
        <metrics statements="23" coveredstatements="1" conditionals="0" coveredconditionals="0" methods="19" coveredmethods="1"/>
        <file name="HelloWorld.vue" path="C:\Users\sesa501967\software\erp\app\src\components\HelloWorld.vue">
          <metrics statements="1" coveredstatements="1" conditionals="0" coveredconditionals="0" methods="1" coveredmethods="1"/>
          <line num="90" count="1" type="stmt"/>
        </file>
        <file name="editor.vue" path="C:\Users\sesa501967\software\erp\app\src\components\editor.vue">
          <metrics statements="7" coveredstatements="0" conditionals="0" coveredconditionals="0" methods="6" coveredmethods="0"/>
          <line num="290" count="0" type="stmt"/>
          <line num="373" count="0" type="stmt"/>
          <line num="377" count="0" type="stmt"/>
          <line num="378" count="0" type="stmt"/>
          <line num="379" count="0" type="stmt"/>
          <line num="382" count="0" type="stmt"/>
          <line num="390" count="0" type="stmt"/>
        </file>
        <file name="file.vue" path="C:\Users\sesa501967\software\erp\app\src\components\file.vue">
          <metrics statements="2" coveredstatements="0" conditionals="0" coveredconditionals="0" methods="2" coveredmethods="0"/>
          <line num="45" count="0" type="stmt"/>
          <line num="60" count="0" type="stmt"/>
        </file>
        <file name="project.vue" path="C:\Users\sesa501967\software\erp\app\src\components\project.vue">
          <metrics statements="8" coveredstatements="0" conditionals="0" coveredconditionals="0" methods="7" coveredmethods="0"/>
          <line num="42" count="0" type="stmt"/>
          <line num="50" count="0" type="stmt"/>
          <line num="54" count="0" type="stmt"/>
          <line num="56" count="0" type="stmt"/>
          <line num="60" count="0" type="stmt"/>
          <line num="62" count="0" type="stmt"/>
          <line num="66" count="0" type="stmt"/>
          <line num="68" count="0" type="stmt"/>
        </file>
        <file name="user.vue" path="C:\Users\sesa501967\software\erp\app\src\components\user.vue">
          <metrics statements="5" coveredstatements="0" conditionals="0" coveredconditionals="0" methods="3" coveredmethods="0"/>
          <line num="40" count="0" type="stmt"/>
          <line num="67" count="0" type="stmt"/>
          <line num="69" count="0" type="stmt"/>
          <line num="70" count="0" type="stmt"/>
          <line num="74" count="0" type="stmt"/>
        </file>
      </package>
    </metrics>
  </project>
</coverage>
