{"C:\\Users\\sesa501967\\software\\erp\\app\\src\\App.vue": {"path":"C:\\Users\\sesa501967\\software\\erp\\app\\src\\App.vue","statementMap":{"0":{"start":{"line":64,"column":0},"end":{"line":null,"column":-1}},"1":{"start":{"line":65,"column":0},"end":{"line":null,"column":-1}},"2":{"start":{"line":69,"column":0},"end":{"line":null,"column":-1}},"3":{"start":{"line":90,"column":0},"end":{"line":null,"column":-1}},"4":{"start":{"line":95,"column":0},"end":{"line":null,"column":-1}},"5":{"start":{"line":96,"column":0},"end":{"line":null,"column":-1}},"6":{"start":{"line":97,"column":0},"end":{"line":null,"column":-1}},"7":{"start":{"line":98,"column":0},"end":{"line":106,"column":0}},"8":{"start":{"line":99,"column":0},"end":{"line":105,"column":0}},"9":{"start":{"line":100,"column":0},"end":{"line":null,"column":-1}},"10":{"start":{"line":103,"column":0},"end":{"line":null,"column":-1}},"11":{"start":{"line":104,"column":0},"end":{"line":null,"column":-1}}},"fnMap":{"0":{"name":"data","decl":{"start":{"line":69,"column":0},"end":{"line":null,"column":-1}},"loc":{"start":{"line":69,"column":0},"end":{"line":null,"column":-1}}},"1":{"name":"newProject","decl":{"start":{"line":89,"column":0},"end":{"line":null,"column":-1}},"loc":{"start":{"line":89,"column":0},"end":{"line":93,"column":0}}},"2":{"name":"onSubmit","decl":{"start":{"line":95,"column":0},"end":{"line":null,"column":-1}},"loc":{"start":{"line":95,"column":0},"end":{"line":108,"column":0}}},"3":{"name":"(anonymous_5)","decl":{"start":{"line":98,"column":0},"end":{"line":null,"column":-1}},"loc":{"start":{"line":98,"column":0},"end":{"line":106,"column":0}}}},"branchMap":{"0":{"loc":{"start":{"line":99,"column":0},"end":{"line":105,"column":0}},"type":"if","locations":[{"start":{"line":99,"column":0},"end":{"line":105,"column":0}},{"start":{"line":99,"column":0},"end":{"line":105,"column":0}}]}},"s":{"0":0,"1":0,"2":0,"3":0,"4":0,"5":0,"6":0,"7":0,"8":0,"9":0,"10":0,"11":0},"f":{"0":0,"1":0,"2":0,"3":0},"b":{"0":[0,0]}}
,"C:\\Users\\sesa501967\\software\\erp\\app\\src\\components\\HelloWorld.vue": {"path":"C:\\Users\\sesa501967\\software\\erp\\app\\src\\components\\HelloWorld.vue","statementMap":{"0":{"start":{"line":90,"column":0},"end":{"line":null,"column":-1}}},"fnMap":{"0":{"name":"data","decl":{"start":{"line":89,"column":0},"end":{"line":null,"column":-1}},"loc":{"start":{"line":89,"column":0},"end":{"line":93,"column":0}}}},"branchMap":{},"s":{"0":1},"f":{"0":1},"b":{}}
,"C:\\Users\\sesa501967\\software\\erp\\app\\src\\components\\editor.vue": {"path":"C:\\Users\\sesa501967\\software\\erp\\app\\src\\components\\editor.vue","statementMap":{"0":{"start":{"line":290,"column":0},"end":{"line":null,"column":-1}},"1":{"start":{"line":373,"column":0},"end":{"line":null,"column":-1}},"2":{"start":{"line":377,"column":0},"end":{"line":null,"column":-1}},"3":{"start":{"line":378,"column":0},"end":{"line":null,"column":-1}},"4":{"start":{"line":379,"column":0},"end":{"line":null,"column":-1}},"5":{"start":{"line":382,"column":0},"end":{"line":null,"column":-1}},"6":{"start":{"line":390,"column":0},"end":{"line":null,"column":-1}}},"fnMap":{"0":{"name":"data","decl":{"start":{"line":289,"column":0},"end":{"line":null,"column":-1}},"loc":{"start":{"line":289,"column":0},"end":{"line":367,"column":0}}},"1":{"name":"handleClick","decl":{"start":{"line":369,"column":0},"end":{"line":null,"column":-1}},"loc":{"start":{"line":369,"column":0},"end":{"line":null,"column":-1}}},"2":{"name":"handleRemove","decl":{"start":{"line":372,"column":0},"end":{"line":null,"column":-1}},"loc":{"start":{"line":372,"column":0},"end":{"line":374,"column":0}}},"3":{"name":"handlePreview","decl":{"start":{"line":375,"column":0},"end":{"line":null,"column":-1}},"loc":{"start":{"line":375,"column":0},"end":{"line":380,"column":0}}},"4":{"name":"picAdd","decl":{"start":{"line":381,"column":0},"end":{"line":null,"column":-1}},"loc":{"start":{"line":381,"column":0},"end":{"line":383,"column":0}}},"5":{"name":"hide","decl":{"start":{"line":389,"column":0},"end":{"line":null,"column":-1}},"loc":{"start":{"line":389,"column":0},"end":{"line":391,"column":0}}}},"branchMap":{},"s":{"0":0,"1":0,"2":0,"3":0,"4":0,"5":0,"6":0},"f":{"0":0,"1":0,"2":0,"3":0,"4":0,"5":0},"b":{}}
,"C:\\Users\\sesa501967\\software\\erp\\app\\src\\components\\file.vue": {"path":"C:\\Users\\sesa501967\\software\\erp\\app\\src\\components\\file.vue","statementMap":{"0":{"start":{"line":45,"column":0},"end":{"line":null,"column":-1}},"1":{"start":{"line":60,"column":0},"end":{"line":null,"column":-1}}},"fnMap":{"0":{"name":"data","decl":{"start":{"line":44,"column":0},"end":{"line":null,"column":-1}},"loc":{"start":{"line":44,"column":0},"end":{"line":57,"column":0}}},"1":{"name":"handleCurrentChange","decl":{"start":{"line":59,"column":0},"end":{"line":null,"column":-1}},"loc":{"start":{"line":59,"column":0},"end":{"line":61,"column":0}}}},"branchMap":{},"s":{"0":0,"1":0},"f":{"0":0,"1":0},"b":{}}
,"C:\\Users\\sesa501967\\software\\erp\\app\\src\\components\\project.vue": {"path":"C:\\Users\\sesa501967\\software\\erp\\app\\src\\components\\project.vue","statementMap":{"0":{"start":{"line":42,"column":0},"end":{"line":null,"column":-1}},"1":{"start":{"line":50,"column":0},"end":{"line":57,"column":0}},"2":{"start":{"line":54,"column":0},"end":{"line":null,"column":-1}},"3":{"start":{"line":56,"column":0},"end":{"line":null,"column":-1}},"4":{"start":{"line":60,"column":0},"end":{"line":null,"column":-1}},"5":{"start":{"line":62,"column":0},"end":{"line":69,"column":0}},"6":{"start":{"line":66,"column":0},"end":{"line":null,"column":-1}},"7":{"start":{"line":68,"column":0},"end":{"line":null,"column":-1}}},"fnMap":{"0":{"name":"data","decl":{"start":{"line":41,"column":0},"end":{"line":null,"column":-1}},"loc":{"start":{"line":41,"column":0},"end":{"line":47,"column":0}}},"1":{"name":"handleCurrentChange","decl":{"start":{"line":49,"column":0},"end":{"line":null,"column":-1}},"loc":{"start":{"line":49,"column":0},"end":{"line":58,"column":0}}},"2":{"name":"(anonymous_3)","decl":{"start":{"line":50,"column":0},"end":{"line":null,"column":-1}},"loc":{"start":{"line":50,"column":0},"end":{"line":55,"column":0}}},"3":{"name":"(anonymous_4)","decl":{"start":{"line":55,"column":0},"end":{"line":null,"column":-1}},"loc":{"start":{"line":55,"column":0},"end":{"line":57,"column":0}}},"4":{"name":"created","decl":{"start":{"line":60,"column":0},"end":{"line":null,"column":-1}},"loc":{"start":{"line":60,"column":0},"end":{"line":70,"column":0}}},"5":{"name":"(anonymous_6)","decl":{"start":{"line":62,"column":0},"end":{"line":null,"column":-1}},"loc":{"start":{"line":62,"column":0},"end":{"line":67,"column":0}}},"6":{"name":"(anonymous_7)","decl":{"start":{"line":67,"column":0},"end":{"line":null,"column":-1}},"loc":{"start":{"line":67,"column":0},"end":{"line":69,"column":0}}}},"branchMap":{},"s":{"0":0,"1":0,"2":0,"3":0,"4":0,"5":0,"6":0,"7":0},"f":{"0":0,"1":0,"2":0,"3":0,"4":0,"5":0,"6":0},"b":{}}
,"C:\\Users\\sesa501967\\software\\erp\\app\\src\\components\\user.vue": {"path":"C:\\Users\\sesa501967\\software\\erp\\app\\src\\components\\user.vue","statementMap":{"0":{"start":{"line":40,"column":0},"end":{"line":null,"column":-1}},"1":{"start":{"line":67,"column":0},"end":{"line":null,"column":-1}},"2":{"start":{"line":69,"column":0},"end":{"line":71,"column":0}},"3":{"start":{"line":70,"column":0},"end":{"line":null,"column":-1}},"4":{"start":{"line":74,"column":0},"end":{"line":null,"column":-1}}},"fnMap":{"0":{"name":"data","decl":{"start":{"line":39,"column":0},"end":{"line":null,"column":-1}},"loc":{"start":{"line":39,"column":0},"end":{"line":63,"column":0}}},"1":{"name":"handleSelectionChange","decl":{"start":{"line":65,"column":0},"end":{"line":null,"column":-1}},"loc":{"start":{"line":65,"column":0},"end":{"line":72,"column":0}}},"2":{"name":"filter","decl":{"start":{"line":73,"column":0},"end":{"line":null,"column":-1}},"loc":{"start":{"line":73,"column":0},"end":{"line":75,"column":0}}}},"branchMap":{},"s":{"0":0,"1":0,"2":0,"3":0,"4":0},"f":{"0":0,"1":0,"2":0},"b":{}}
}
