TN:
SF:C:\Users\sesa501967\software\erp\app\src\App.vue
FN:69,data
FN:89,newProject
FN:95,onSubmit
FN:98,(anonymous_5)
FNF:4
FNH:0
FNDA:0,data
FNDA:0,newProject
FNDA:0,onSubmit
FNDA:0,(anonymous_5)
DA:64,0
DA:65,0
DA:69,0
DA:90,0
DA:95,0
DA:96,0
DA:97,0
DA:98,0
DA:99,0
DA:100,0
DA:103,0
DA:104,0
LF:12
LH:0
BRDA:99,0,0,0
BRDA:99,0,1,0
BRF:2
BRH:0
end_of_record
TN:
SF:C:\Users\sesa501967\software\erp\app\src\components\HelloWorld.vue
FN:89,data
FNF:1
FNH:1
FNDA:1,data
DA:90,1
LF:1
LH:1
BRF:0
BRH:0
end_of_record
TN:
SF:C:\Users\sesa501967\software\erp\app\src\components\editor.vue
FN:289,data
FN:369,handleClick
FN:372,handleRemove
FN:375,handlePreview
FN:381,picAdd
FN:389,hide
FNF:6
FNH:0
FNDA:0,data
FNDA:0,handleClick
FNDA:0,handleRemove
FNDA:0,handlePreview
FNDA:0,picAdd
FNDA:0,hide
DA:290,0
DA:373,0
DA:377,0
DA:378,0
DA:379,0
DA:382,0
DA:390,0
LF:7
LH:0
BRF:0
BRH:0
end_of_record
TN:
SF:C:\Users\sesa501967\software\erp\app\src\components\file.vue
FN:44,data
FN:59,handleCurrentChange
FNF:2
FNH:0
FNDA:0,data
FNDA:0,handleCurrentChange
DA:45,0
DA:60,0
LF:2
LH:0
BRF:0
BRH:0
end_of_record
TN:
SF:C:\Users\sesa501967\software\erp\app\src\components\project.vue
FN:41,data
FN:49,handleCurrentChange
FN:50,(anonymous_3)
FN:55,(anonymous_4)
FN:60,created
FN:62,(anonymous_6)
FN:67,(anonymous_7)
FNF:7
FNH:0
FNDA:0,data
FNDA:0,handleCurrentChange
FNDA:0,(anonymous_3)
FNDA:0,(anonymous_4)
FNDA:0,created
FNDA:0,(anonymous_6)
FNDA:0,(anonymous_7)
DA:42,0
DA:50,0
DA:54,0
DA:56,0
DA:60,0
DA:62,0
DA:66,0
DA:68,0
LF:8
LH:0
BRF:0
BRH:0
end_of_record
TN:
SF:C:\Users\sesa501967\software\erp\app\src\components\user.vue
FN:39,data
FN:65,handleSelectionChange
FN:73,filter
FNF:3
FNH:0
FNDA:0,data
FNDA:0,handleSelectionChange
FNDA:0,filter
DA:40,0
DA:67,0
DA:69,0
DA:70,0
DA:74,0
LF:5
LH:0
BRF:0
BRH:0
end_of_record
